# JRE version: Java(TM) SE Runtime Environment (8.0_131-b11) (build 1.8.0_131-b11)
# Java VM: Java HotSpot(TM) 64-Bit Server VM (25.131-b11 mixed mode bsd-amd64 compressed oops)
Heap:
 PSYoungGen      total 673280K, used 17244K [0x0000000795580000, 0x00000007bfd80000, 0x00000007c0000000)
  eden space 650752K, 2% used [0x0000000795580000,0x00000007966573c0,0x00000007bd100000)
  from space 22528K, 0% used [0x00000007bd100000,0x00000007bd100000,0x00000007be700000)
  to   space 21504K, 0% used [0x00000007be880000,0x00000007be880000,0x00000007bfd80000)
 ParOldGen       total 840192K, used 503840K [0x0000000740000000, 0x0000000773480000, 0x0000000795580000)
  object space 840192K, 59% used [0x0000000740000000,0x000000075ec081d0,0x0000000773480000)
 Metaspace       used 17743K, capacity 18122K, committed 18432K, reserved 1064960K
  class space    used 2390K, capacity 2509K, committed 2560K, reserved 1048576K
GC Heap History (10 events):
Event: 2648.347 GC heap before
{Heap before GC invocations=3874 (full 28):
 PSYoungGen      total 671744K, used 671467K [0x0000000795580000, 0x00000007c0000000, 0x00000007c0000000)
  eden space 652800K, 100% used [0x0000000795580000,0x00000007bd300000,0x00000007bd300000)
  from space 18944K, 98% used [0x00000007bd300000,0x00000007be53af30,0x00000007be580000)
  to   space 24576K, 0% used [0x00000007be800000,0x00000007be800000,0x00000007c0000000)
 ParOldGen       total 589824K, used 578333K [0x0000000740000000, 0x0000000764000000, 0x0000000795580000)
  object space 589824K, 98% used [0x0000000740000000,0x00000007634c76c8,0x0000000764000000)
 Metaspace       used 17744K, capacity 18082K, committed 18176K, reserved 1064960K
  class space    used 2391K, capacity 2517K, committed 2560K, reserved 1048576K
Event: 2648.371 GC heap after
Heap after GC invocations=3874 (full 28):
 PSYoungGen      total 674816K, used 15696K [0x0000000795580000, 0x00000007c0000000, 0x00000007c0000000)
  eden space 650240K, 0% used [0x0000000795580000,0x0000000795580000,0x00000007bd080000)
  from space 24576K, 63% used [0x00000007be800000,0x00000007bf754040,0x00000007c0000000)
  to   space 24064K, 0% used [0x00000007bd080000,0x00000007bd080000,0x00000007be800000)
 ParOldGen       total 589824K, used 582248K [0x0000000740000000, 0x0000000764000000, 0x0000000795580000)
  object space 589824K, 98% used [0x0000000740000000,0x000000076389a3b0,0x0000000764000000)
 Metaspace       used 17744K, capacity 18082K, committed 18176K, reserved 1064960K
  class space    used 2391K, capacity 2517K, committed 2560K, reserved 1048576K
}
Event: 2649.349 GC heap before
{Heap before GC invocations=3875 (full 28):
 PSYoungGen      total 674816K, used 665936K [0x0000000795580000, 0x00000007c0000000, 0x00000007c0000000)
  eden space 650240K, 100% used [0x0000000795580000,0x00000007bd080000,0x00000007bd080000)
  from space 24576K, 63% used [0x00000007be800000,0x00000007bf754040,0x00000007c0000000)
  to   space 24064K, 0% used [0x00000007bd080000,0x00000007bd080000,0x00000007be800000)
 ParOldGen       total 589824K, used 582248K [0x0000000740000000, 0x0000000764000000, 0x0000000795580000)
  object space 589824K, 98% used [0x0000000740000000,0x000000076389a3b0,0x0000000764000000)
 Metaspace       used 17744K, capacity 18082K, committed 18176K, reserved 1064960K
  class space    used 2391K, capacity 2517K, committed 2560K, reserved 1048576K
Event: 2649.368 GC heap after
Heap after GC invocations=3875 (full 28):
 PSYoungGen      total 664064K, used 13584K [0x0000000795580000, 0x00000007bfd80000, 0x00000007c0000000)
  eden space 650240K, 0% used [0x0000000795580000,0x0000000795580000,0x00000007bd080000)
  from space 13824K, 98% used [0x00000007bd080000,0x00000007bddc4020,0x00000007bde00000)
  to   space 23040K, 0% used [0x00000007be700000,0x00000007be700000,0x00000007bfd80000)
 ParOldGen       total 589824K, used 585309K [0x0000000740000000, 0x0000000764000000, 0x0000000795580000)
  object space 589824K, 99% used [0x0000000740000000,0x0000000763b97430,0x0000000764000000)
 Metaspace       used 17744K, capacity 18082K, committed 18176K, reserved 1064960K
  class space    used 2391K, capacity 2517K, committed 2560K, reserved 1048576K
}
Event: 2650.350 GC heap before
{Heap before GC invocations=3876 (full 28):
 PSYoungGen      total 664064K, used 663824K [0x0000000795580000, 0x00000007bfd80000, 0x00000007c0000000)
  eden space 650240K, 100% used [0x0000000795580000,0x00000007bd080000,0x00000007bd080000)
  from space 13824K, 98% used [0x00000007bd080000,0x00000007bddc4020,0x00000007bde00000)
  to   space 23040K, 0% used [0x00000007be700000,0x00000007be700000,0x00000007bfd80000)
 ParOldGen       total 589824K, used 585309K [0x0000000740000000, 0x0000000764000000, 0x0000000795580000)
  object space 589824K, 99% used [0x0000000740000000,0x0000000763b97430,0x0000000764000000)
 Metaspace       used 17744K, capacity 18082K, committed 18176K, reserved 1064960K
  class space    used 2391K, capacity 2517K, committed 2560K, reserved 1048576K
Event: 2650.366 GC heap after
Heap after GC invocations=3876 (full 28):
 PSYoungGen      total 673792K, used 13232K [0x0000000795580000, 0x00000007c0000000, 0x00000007c0000000)
  eden space 650752K, 0% used [0x0000000795580000,0x0000000795580000,0x00000007bd100000)
  from space 23040K, 57% used [0x00000007be700000,0x00000007bf3ec020,0x00000007bfd80000)
  to   space 22528K, 0% used [0x00000007bd100000,0x00000007bd100000,0x00000007be700000)
 ParOldGen       total 589824K, used 586469K [0x0000000740000000, 0x0000000764000000, 0x0000000795580000)
  object space 589824K, 99% used [0x0000000740000000,0x0000000763cb9430,0x0000000764000000)
 Metaspace       used 17744K, capacity 18082K, committed 18176K, reserved 1064960K
  class space    used 2391K, capacity 2517K, committed 2560K, reserved 1048576K
}
Event: 2651.350 GC heap before
{Heap before GC invocations=3877 (full 28):
 PSYoungGen      total 673792K, used 663984K [0x0000000795580000, 0x00000007c0000000, 0x00000007c0000000)
  eden space 650752K, 100% used [0x0000000795580000,0x00000007bd100000,0x00000007bd100000)
  from space 23040K, 57% used [0x00000007be700000,0x00000007bf3ec020,0x00000007bfd80000)
  to   space 22528K, 0% used [0x00000007bd100000,0x00000007bd100000,0x00000007be700000)
 ParOldGen       total 589824K, used 586469K [0x0000000740000000, 0x0000000764000000, 0x0000000795580000)
  object space 589824K, 99% used [0x0000000740000000,0x0000000763cb9430,0x0000000764000000)
 Metaspace       used 17744K, capacity 18082K, committed 18176K, reserved 1064960K
  class space    used 2391K, capacity 2517K, committed 2560K, reserved 1048576K
Event: 2651.367 GC heap after
Heap after GC invocations=3877 (full 28):
 PSYoungGen      total 673280K, used 13216K [0x0000000795580000, 0x00000007bfd80000, 0x00000007c0000000)
  eden space 650752K, 0% used [0x0000000795580000,0x0000000795580000,0x00000007bd100000)
  from space 22528K, 58% used [0x00000007bd100000,0x00000007bdde8010,0x00000007be700000)
  to   space 21504K, 0% used [0x00000007be880000,0x00000007be880000,0x00000007bfd80000)
 ParOldGen       total 589824K, used 587401K [0x0000000740000000, 0x0000000764000000, 0x0000000795580000)
  object space 589824K, 99% used [0x0000000740000000,0x0000000763da2440,0x0000000764000000)
 Metaspace       used 17744K, capacity 18082K, committed 18176K, reserved 1064960K
  class space    used 2391K, capacity 2517K, committed 2560K, reserved 1048576K
}
Event: 2651.367 GC heap before
{Heap before GC invocations=3878 (full 29):
 PSYoungGen      total 673280K, used 13216K [0x0000000795580000, 0x00000007bfd80000, 0x00000007c0000000)
  eden space 650752K, 0% used [0x0000000795580000,0x0000000795580000,0x00000007bd100000)
  from space 22528K, 58% used [0x00000007bd100000,0x00000007bdde8010,0x00000007be700000)
  to   space 21504K, 0% used [0x00000007be880000,0x00000007be880000,0x00000007bfd80000)
 ParOldGen       total 589824K, used 587401K [0x0000000740000000, 0x0000000764000000, 0x0000000795580000)
  object space 589824K, 99% used [0x0000000740000000,0x0000000763da2440,0x0000000764000000)
 Metaspace       used 17744K, capacity 18082K, committed 18176K, reserved 1064960K
  class space    used 2391K, capacity 2517K, committed 2560K, reserved 1048576K
Event: 2654.560 GC heap after
Heap after GC invocations=3878 (full 29):
 PSYoungGen      total 673280K, used 0K [0x0000000795580000, 0x00000007bfd80000, 0x00000007c0000000)
  eden space 650752K, 0% used [0x0000000795580000,0x0000000795580000,0x00000007bd100000)
  from space 22528K, 0% used [0x00000007bd100000,0x00000007bd100000,0x00000007be700000)
  to   space 21504K, 0% used [0x00000007be880000,0x00000007be880000,0x00000007bfd80000)
 ParOldGen       total 840192K, used 503840K [0x0000000740000000, 0x0000000773480000, 0x0000000795580000)
  object space 840192K, 59% used [0x0000000740000000,0x000000075ec081d0,0x0000000773480000)
 Metaspace       used 17729K, capacity 18058K, committed 18176K, reserved 1064960K
  class space    used 2386K, capacity 2509K, committed 2560K, reserved 1048576K
}

